  main.cpp
C:\Users\kaira\OneDrive\Рабочий стол\C++\Технологии индустрильного программирования\tech 3.1\tech 3.1\main.cpp(1,10): warning C4067: непредвиденные лексемы за директивой препроцессора, требуется newline
C:\Users\kaira\OneDrive\Рабочий стол\C++\Технологии индустрильного программирования\tech 3.1\tech 3.1\main.cpp(9,13): warning C4566: символ, представленный универсальным именем символа "\u00C2", невозможно представить в текущей кодовой странице (1251)
C:\Users\kaira\OneDrive\Рабочий стол\C++\Технологии индустрильного программирования\tech 3.1\tech 3.1\main.cpp(9,13): warning C4566: символ, представленный универсальным именем символа "\u00E2", невозможно представить в текущей кодовой странице (1251)
C:\Users\kaira\OneDrive\Рабочий стол\C++\Технологии индустрильного программирования\tech 3.1\tech 3.1\main.cpp(9,13): warning C4566: символ, представленный универсальным именем символа "\u00E5", невозможно представить в текущей кодовой странице (1251)
C:\Users\kaira\OneDrive\Рабочий стол\C++\Технологии индустрильного программирования\tech 3.1\tech 3.1\main.cpp(9,13): warning C4566: символ, представленный универсальным именем символа "\u00E4", невозможно представить в текущей кодовой странице (1251)
C:\Users\kaira\OneDrive\Рабочий стол\C++\Технологии индустрильного программирования\tech 3.1\tech 3.1\main.cpp(9,13): warning C4566: символ, представленный универсальным именем символа "\u00E8", невозможно представить в текущей кодовой странице (1251)
C:\Users\kaira\OneDrive\Рабочий стол\C++\Технологии индустрильного программирования\tech 3.1\tech 3.1\main.cpp(9,13): warning C4566: символ, представленный универсальным именем символа "\u00F2", невозможно представить в текущей кодовой странице (1251)
C:\Users\kaira\OneDrive\Рабочий стол\C++\Технологии индустрильного программирования\tech 3.1\tech 3.1\main.cpp(9,13): warning C4566: символ, представленный универсальным именем символа "\u00EA", невозможно представить в текущей кодовой странице (1251)
C:\Users\kaira\OneDrive\Рабочий стол\C++\Технологии индустрильного программирования\tech 3.1\tech 3.1\main.cpp(9,13): warning C4566: символ, представленный универсальным именем символа "\u00EE", невозможно представить в текущей кодовой странице (1251)
C:\Users\kaira\OneDrive\Рабочий стол\C++\Технологии индустрильного программирования\tech 3.1\tech 3.1\main.cpp(9,13): warning C4566: символ, представленный универсальным именем символа "\u00FD", невозможно представить в текущей кодовой странице (1251)
C:\Users\kaira\OneDrive\Рабочий стол\C++\Технологии индустрильного программирования\tech 3.1\tech 3.1\main.cpp(9,13): warning C4566: символ, представленный универсальным именем символа "\u00F4", невозможно представить в текущей кодовой странице (1251)
C:\Users\kaira\OneDrive\Рабочий стол\C++\Технологии индустрильного программирования\tech 3.1\tech 3.1\main.cpp(9,13): warning C4566: символ, представленный универсальным именем символа "\u00F6", невозможно представить в текущей кодовой странице (1251)
C:\Users\kaira\OneDrive\Рабочий стол\C++\Технологии индустрильного программирования\tech 3.1\tech 3.1\main.cpp(9,13): warning C4566: символ, представленный универсальным именем символа "\u00ED", невозможно представить в текущей кодовой странице (1251)
C:\Users\kaira\OneDrive\Рабочий стол\C++\Технологии индустрильного программирования\tech 3.1\tech 3.1\main.cpp(9,13): warning C4566: символ, представленный универсальным именем символа "\u00FB", невозможно представить в текущей кодовой странице (1251)
C:\Users\kaira\OneDrive\Рабочий стол\C++\Технологии индустрильного программирования\tech 3.1\tech 3.1\main.cpp(9,13): warning C4566: символ, представленный универсальным именем символа "\u00F3", невозможно представить в текущей кодовой странице (1251)
C:\Users\kaira\OneDrive\Рабочий стол\C++\Технологии индустрильного программирования\tech 3.1\tech 3.1\main.cpp(9,13): warning C4566: символ, представленный универсальным именем символа "\u00F0", невозможно представить в текущей кодовой странице (1251)
C:\Users\kaira\OneDrive\Рабочий стол\C++\Технологии индустрильного программирования\tech 3.1\tech 3.1\main.cpp(9,13): warning C4566: символ, представленный универсальным именем символа "\u00E0", невозможно представить в текущей кодовой странице (1251)
C:\Users\kaira\OneDrive\Рабочий стол\C++\Технологии индустрильного программирования\tech 3.1\tech 3.1\main.cpp(9,13): warning C4566: символ, представленный универсальным именем символа "\u00FF", невозможно представить в текущей кодовой странице (1251)
C:\Users\kaira\OneDrive\Рабочий стол\C++\Технологии индустрильного программирования\tech 3.1\tech 3.1\main.cpp(12,5): error C2065: eq2: необъявленный идентификатор
C:\Users\kaira\OneDrive\Рабочий стол\C++\Технологии индустрильного программирования\tech 3.1\tech 3.1\main.cpp(12,9): error C2146: синтаксическая ошибка: отсутствие ";" перед идентификатором "equation"
C:\Users\kaira\OneDrive\Рабочий стол\C++\Технологии индустрильного программирования\tech 3.1\tech 3.1\main.cpp(12,9): error C3861: equation: идентификатор не найден
C:\Users\kaira\OneDrive\Рабочий стол\C++\Технологии индустрильного программирования\tech 3.1\tech 3.1\main.cpp(13,5): error C2065: equation: необъявленный идентификатор
C:\Users\kaira\OneDrive\Рабочий стол\C++\Технологии индустрильного программирования\tech 3.1\tech 3.1\main.cpp(14,13): warning C4566: символ, представленный универсальным именем символа "\u00C2", невозможно представить в текущей кодовой странице (1251)
C:\Users\kaira\OneDrive\Рабочий стол\C++\Технологии индустрильного программирования\tech 3.1\tech 3.1\main.cpp(14,13): warning C4566: символ, представленный универсальным именем символа "\u00E2", невозможно представить в текущей кодовой странице (1251)
C:\Users\kaira\OneDrive\Рабочий стол\C++\Технологии индустрильного программирования\tech 3.1\tech 3.1\main.cpp(14,13): warning C4566: символ, представленный универсальным именем символа "\u00E5", невозможно представить в текущей кодовой странице (1251)
C:\Users\kaira\OneDrive\Рабочий стол\C++\Технологии индустрильного программирования\tech 3.1\tech 3.1\main.cpp(14,13): warning C4566: символ, представленный универсальным именем символа "\u00E4", невозможно представить в текущей кодовой странице (1251)
C:\Users\kaira\OneDrive\Рабочий стол\C++\Технологии индустрильного программирования\tech 3.1\tech 3.1\main.cpp(14,13): warning C4566: символ, представленный универсальным именем символа "\u00E8", невозможно представить в текущей кодовой странице (1251)
C:\Users\kaira\OneDrive\Рабочий стол\C++\Технологии индустрильного программирования\tech 3.1\tech 3.1\main.cpp(14,13): warning C4566: символ, представленный универсальным именем символа "\u00F2", невозможно представить в текущей кодовой странице (1251)
C:\Users\kaira\OneDrive\Рабочий стол\C++\Технологии индустрильного программирования\tech 3.1\tech 3.1\main.cpp(17,5): error C2065: equation: необъявленный идентификатор
C:\Users\kaira\OneDrive\Рабочий стол\C++\Технологии индустрильного программирования\tech 3.1\tech 3.1\main.cpp(18,13): warning C4566: символ, представленный универсальным именем символа "\u00CF", невозможно представить в текущей кодовой странице (1251)
C:\Users\kaira\OneDrive\Рабочий стол\C++\Технологии индустрильного программирования\tech 3.1\tech 3.1\main.cpp(18,13): warning C4566: символ, представленный универсальным именем символа "\u00F0", невозможно представить в текущей кодовой странице (1251)
C:\Users\kaira\OneDrive\Рабочий стол\C++\Технологии индустрильного программирования\tech 3.1\tech 3.1\main.cpp(18,13): warning C4566: символ, представленный универсальным именем символа "\u00E8", невозможно представить в текущей кодовой странице (1251)
C:\Users\kaira\OneDrive\Рабочий стол\C++\Технологии индустрильного программирования\tech 3.1\tech 3.1\main.cpp(18,13): warning C4566: символ, представленный универсальным именем символа "\u00E7", невозможно представить в текущей кодовой странице (1251)
C:\Users\kaira\OneDrive\Рабочий стол\C++\Технологии индустрильного программирования\tech 3.1\tech 3.1\main.cpp(18,13): warning C4566: символ, представленный универсальным именем символа "\u00E0", невозможно представить в текущей кодовой странице (1251)
C:\Users\kaira\OneDrive\Рабочий стол\C++\Технологии индустрильного программирования\tech 3.1\tech 3.1\main.cpp(18,13): warning C4566: символ, представленный универсальным именем символа "\u00E4", невозможно представить в текущей кодовой странице (1251)
C:\Users\kaira\OneDrive\Рабочий стол\C++\Технологии индустрильного программирования\tech 3.1\tech 3.1\main.cpp(18,13): warning C4566: символ, представленный универсальным именем символа "\u00ED", невозможно представить в текущей кодовой странице (1251)
C:\Users\kaira\OneDrive\Рабочий стол\C++\Технологии индустрильного программирования\tech 3.1\tech 3.1\main.cpp(18,13): warning C4566: символ, представленный универсальным именем символа "\u00EE", невозможно представить в текущей кодовой странице (1251)
C:\Users\kaira\OneDrive\Рабочий стол\C++\Технологии индустрильного программирования\tech 3.1\tech 3.1\main.cpp(18,13): warning C4566: символ, представленный универсальным именем символа "\u00EC", невозможно представить в текущей кодовой странице (1251)
C:\Users\kaira\OneDrive\Рабочий стол\C++\Технологии индустрильного программирования\tech 3.1\tech 3.1\main.cpp(18,49): error C2065: equation: необъявленный идентификатор
